[2019-06-19 23:02:40,613] TRACE [Controller id=0] Checking need to trigger auto leader balancing (kafka.controller.KafkaController)
[2019-06-19 23:02:40,616] DEBUG [Controller id=0] Preferred replicas by broker Map(0 -> Map(products-0 -> Vector(0), clients-0 -> Vector(0))) (kafka.controller.KafkaController)
[2019-06-19 23:02:40,616] DEBUG [Controller id=0] Topics not in preferred replica for broker 0 Map() (kafka.controller.KafkaController)
[2019-06-19 23:02:40,616] TRACE [Controller id=0] Leader imbalance ratio for broker 0 is 0.0 (kafka.controller.KafkaController)
[2019-06-19 23:07:40,621] TRACE [Controller id=0] Checking need to trigger auto leader balancing (kafka.controller.KafkaController)
[2019-06-19 23:07:40,622] DEBUG [Controller id=0] Preferred replicas by broker Map(0 -> Map(products-0 -> Vector(0), clients-0 -> Vector(0))) (kafka.controller.KafkaController)
[2019-06-19 23:07:40,622] DEBUG [Controller id=0] Topics not in preferred replica for broker 0 Map() (kafka.controller.KafkaController)
[2019-06-19 23:07:40,622] TRACE [Controller id=0] Leader imbalance ratio for broker 0 is 0.0 (kafka.controller.KafkaController)
[2019-06-19 23:12:40,626] TRACE [Controller id=0] Checking need to trigger auto leader balancing (kafka.controller.KafkaController)
[2019-06-19 23:12:40,628] DEBUG [Controller id=0] Preferred replicas by broker Map(0 -> Map(products-0 -> Vector(0), clients-0 -> Vector(0))) (kafka.controller.KafkaController)
[2019-06-19 23:12:40,628] DEBUG [Controller id=0] Topics not in preferred replica for broker 0 Map() (kafka.controller.KafkaController)
[2019-06-19 23:12:40,628] TRACE [Controller id=0] Leader imbalance ratio for broker 0 is 0.0 (kafka.controller.KafkaController)
[2019-06-19 23:17:40,636] TRACE [Controller id=0] Checking need to trigger auto leader balancing (kafka.controller.KafkaController)
[2019-06-19 23:17:40,637] DEBUG [Controller id=0] Preferred replicas by broker Map(0 -> Map(products-0 -> Vector(0), clients-0 -> Vector(0))) (kafka.controller.KafkaController)
[2019-06-19 23:17:40,637] DEBUG [Controller id=0] Topics not in preferred replica for broker 0 Map() (kafka.controller.KafkaController)
[2019-06-19 23:17:40,637] TRACE [Controller id=0] Leader imbalance ratio for broker 0 is 0.0 (kafka.controller.KafkaController)
[2019-06-19 23:22:40,641] TRACE [Controller id=0] Checking need to trigger auto leader balancing (kafka.controller.KafkaController)
[2019-06-19 23:22:40,646] DEBUG [Controller id=0] Preferred replicas by broker Map(0 -> Map(products-0 -> Vector(0), clients-0 -> Vector(0))) (kafka.controller.KafkaController)
[2019-06-19 23:22:40,646] DEBUG [Controller id=0] Topics not in preferred replica for broker 0 Map() (kafka.controller.KafkaController)
[2019-06-19 23:22:40,646] TRACE [Controller id=0] Leader imbalance ratio for broker 0 is 0.0 (kafka.controller.KafkaController)
[2019-06-19 23:26:10,172] INFO [Controller id=0] Shutting down broker 0 (kafka.controller.KafkaController)
[2019-06-19 23:26:10,173] DEBUG [Controller id=0] All shutting down brokers: 0 (kafka.controller.KafkaController)
[2019-06-19 23:26:10,174] DEBUG [Controller id=0] Live brokers:  (kafka.controller.KafkaController)
[2019-06-19 23:26:10,183] TRACE [Controller id=0] All leaders = clients-0 -> (Leader:0,ISR:0,LeaderEpoch:0,ControllerEpoch:1),products-0 -> (Leader:0,ISR:0,LeaderEpoch:0,ControllerEpoch:1) (kafka.controller.KafkaController)
[2019-06-19 23:26:11,195] INFO [ControllerEventThread controllerId=0] Shutting down (kafka.controller.ControllerEventManager$ControllerEventThread)
[2019-06-19 23:26:11,195] INFO [ControllerEventThread controllerId=0] Stopped (kafka.controller.ControllerEventManager$ControllerEventThread)
[2019-06-19 23:26:11,195] INFO [ControllerEventThread controllerId=0] Shutdown completed (kafka.controller.ControllerEventManager$ControllerEventThread)
[2019-06-19 23:26:11,196] DEBUG [Controller id=0] Resigning (kafka.controller.KafkaController)
[2019-06-19 23:26:11,196] DEBUG [Controller id=0] Unregister BrokerModifications handler for Set(0) (kafka.controller.KafkaController)
[2019-06-19 23:26:11,198] INFO [PartitionStateMachine controllerId=0] Stopped partition state machine (kafka.controller.PartitionStateMachine)
[2019-06-19 23:26:11,199] INFO [ReplicaStateMachine controllerId=0] Stopped replica state machine (kafka.controller.ReplicaStateMachine)
[2019-06-19 23:26:11,199] INFO [RequestSendThread controllerId=0] Shutting down (kafka.controller.RequestSendThread)
[2019-06-19 23:26:11,200] INFO [RequestSendThread controllerId=0] Shutdown completed (kafka.controller.RequestSendThread)
[2019-06-19 23:26:11,200] INFO [RequestSendThread controllerId=0] Stopped (kafka.controller.RequestSendThread)
[2019-06-19 23:26:11,202] INFO [Controller id=0] Resigned (kafka.controller.KafkaController)
