[2019-06-19 16:22:29,509] DEBUG preRegister called. Server=com.sun.jmx.mbeanserver.JmxMBeanServer@e73f9ac, name=log4j:logger=state.change.logger (state.change.logger)
[2019-06-19 16:22:34,988] TRACE [Controller id=0 epoch=6] Changed state of replica 0 for partition products-0 from OnlineReplica to OnlineReplica (state.change.logger)
[2019-06-19 16:22:34,990] TRACE [Controller id=0 epoch=6] Changed state of replica 0 for partition clients-0 from OnlineReplica to OnlineReplica (state.change.logger)
[2019-06-19 16:22:34,991] TRACE [Controller id=0 epoch=6] Sending become-leader LeaderAndIsr request PartitionState(controllerEpoch=1, leader=0, leaderEpoch=0, isr=0, zkVersion=0, replicas=0, isNew=false) to broker 0 for partition clients-0 (state.change.logger)
[2019-06-19 16:22:34,991] TRACE [Controller id=0 epoch=6] Sending become-leader LeaderAndIsr request PartitionState(controllerEpoch=1, leader=0, leaderEpoch=0, isr=0, zkVersion=0, replicas=0, isNew=false) to broker 0 for partition products-0 (state.change.logger)
[2019-06-19 16:22:34,994] TRACE [Controller id=0 epoch=6] Sending UpdateMetadata request PartitionState(controllerEpoch=1, leader=0, leaderEpoch=0, isr=[0], zkVersion=0, replicas=[0], offlineReplicas=[]) to brokers Set(0) for partition clients-0 (state.change.logger)
[2019-06-19 16:22:34,994] TRACE [Controller id=0 epoch=6] Sending UpdateMetadata request PartitionState(controllerEpoch=1, leader=0, leaderEpoch=0, isr=[0], zkVersion=0, replicas=[0], offlineReplicas=[]) to brokers Set(0) for partition products-0 (state.change.logger)
[2019-06-19 16:22:35,036] TRACE [Controller id=0 epoch=6] Received response {error_code=0} for request UPDATE_METADATA with correlation id 0 sent to broker 192.168.1.66:9092 (id: 0 rack: null) (state.change.logger)
[2019-06-19 16:22:35,045] TRACE [Broker id=0] Received LeaderAndIsr request PartitionState(controllerEpoch=1, leader=0, leaderEpoch=0, isr=0, zkVersion=0, replicas=0, isNew=false) correlation id 1 from controller 0 epoch 6 for partition clients-0 (state.change.logger)
[2019-06-19 16:22:35,045] TRACE [Broker id=0] Received LeaderAndIsr request PartitionState(controllerEpoch=1, leader=0, leaderEpoch=0, isr=0, zkVersion=0, replicas=0, isNew=false) correlation id 1 from controller 0 epoch 6 for partition products-0 (state.change.logger)
[2019-06-19 16:22:35,053] TRACE [Broker id=0] Handling LeaderAndIsr request correlationId 1 from controller 0 epoch 6 starting the become-leader transition for partition clients-0 (state.change.logger)
[2019-06-19 16:22:35,053] TRACE [Broker id=0] Handling LeaderAndIsr request correlationId 1 from controller 0 epoch 6 starting the become-leader transition for partition products-0 (state.change.logger)
[2019-06-19 16:22:35,075] TRACE [Broker id=0] Stopped fetchers as part of become-leader request from controller 0 epoch 6 with correlation id 1 for partition clients-0 (last update controller epoch 1) (state.change.logger)
[2019-06-19 16:22:35,078] TRACE [Broker id=0] Stopped fetchers as part of become-leader request from controller 0 epoch 6 with correlation id 1 for partition products-0 (last update controller epoch 1) (state.change.logger)
[2019-06-19 16:22:35,079] TRACE [Broker id=0] Completed LeaderAndIsr request correlationId 1 from controller 0 epoch 6 for the become-leader transition for partition clients-0 (state.change.logger)
[2019-06-19 16:22:35,079] TRACE [Broker id=0] Completed LeaderAndIsr request correlationId 1 from controller 0 epoch 6 for the become-leader transition for partition products-0 (state.change.logger)
[2019-06-19 16:22:35,084] TRACE [Controller id=0 epoch=6] Received response {error_code=0,partitions=[{topic=clients,partition=0,error_code=0},{topic=products,partition=0,error_code=0}]} for request LEADER_AND_ISR with correlation id 1 sent to broker 192.168.1.66:9092 (id: 0 rack: null) (state.change.logger)
[2019-06-19 16:22:35,090] TRACE [Broker id=0] Cached leader info PartitionState(controllerEpoch=1, leader=0, leaderEpoch=0, isr=[0], zkVersion=0, replicas=[0], offlineReplicas=[]) for partition clients-0 in response to UpdateMetadata request sent by controller 0 epoch 6 with correlation id 2 (state.change.logger)
[2019-06-19 16:22:35,090] TRACE [Broker id=0] Cached leader info PartitionState(controllerEpoch=1, leader=0, leaderEpoch=0, isr=[0], zkVersion=0, replicas=[0], offlineReplicas=[]) for partition products-0 in response to UpdateMetadata request sent by controller 0 epoch 6 with correlation id 2 (state.change.logger)
[2019-06-19 16:22:35,091] TRACE [Controller id=0 epoch=6] Received response {error_code=0} for request UPDATE_METADATA with correlation id 2 sent to broker 192.168.1.66:9092 (id: 0 rack: null) (state.change.logger)
